[debug] [2020-05-15T03:41:19.944Z] ----------------------------------------------------------------------
[debug] [2020-05-15T03:41:19.948Z] Command:       /usr/local/bin/node /usr/local/bin/firebase serve
[debug] [2020-05-15T03:41:19.948Z] CLI Version:   8.2.0
[debug] [2020-05-15T03:41:19.949Z] Platform:      darwin
[debug] [2020-05-15T03:41:19.949Z] Node Version:  v12.14.1
[debug] [2020-05-15T03:41:19.950Z] Time:          Thu May 14 2020 23:41:19 GMT-0400 (Eastern Daylight Time)
[debug] [2020-05-15T03:41:19.950Z] ----------------------------------------------------------------------
[debug] [2020-05-15T03:41:19.950Z] 
[debug] [2020-05-15T03:41:19.970Z] > command requires scopes: ["email","openid","https://www.googleapis.com/auth/cloudplatformprojects.readonly","https://www.googleapis.com/auth/firebase","https://www.googleapis.com/auth/cloud-platform"]
[debug] [2020-05-15T03:41:19.971Z] > authorizing via signed-in user
[debug] [2020-05-15T03:41:19.971Z] [iam] checking project producer-app-13eef for permissions ["firebase.projects.get"]
[debug] [2020-05-15T03:41:19.977Z] > refreshing access token with scopes: ["email","https://www.googleapis.com/auth/cloud-platform","https://www.googleapis.com/auth/cloudplatformprojects.readonly","https://www.googleapis.com/auth/firebase","openid"]
[debug] [2020-05-15T03:41:19.978Z] >>> HTTP REQUEST POST https://www.googleapis.com/oauth2/v3/token  
 <request body omitted>
[debug] [2020-05-15T03:41:20.544Z] <<< HTTP RESPONSE 200 {"content-type":"application/json; charset=utf-8","vary":"X-Origin, Referer, Origin,Accept-Encoding","date":"Fri, 15 May 2020 03:41:20 GMT","server":"scaffolding on HTTPServer2","cache-control":"private","x-xss-protection":"0","x-frame-options":"SAMEORIGIN","x-content-type-options":"nosniff","alt-svc":"h3-27=\":443\"; ma=2592000,h3-25=\":443\"; ma=2592000,h3-T050=\":443\"; ma=2592000,h3-Q050=\":443\"; ma=2592000,h3-Q049=\":443\"; ma=2592000,h3-Q048=\":443\"; ma=2592000,h3-Q046=\":443\"; ma=2592000,h3-Q043=\":443\"; ma=2592000,quic=\":443\"; ma=2592000; v=\"46,43\"","accept-ranges":"none","transfer-encoding":"chunked"}
[debug] [2020-05-15T03:41:20.578Z] >>> HTTP REQUEST POST https://cloudresourcemanager.googleapis.com/v1/projects/producer-app-13eef:testIamPermissions  
 {"permissions":["firebase.projects.get"]}
[debug] [2020-05-15T03:41:20.897Z] <<< HTTP RESPONSE 200 {"content-type":"application/json; charset=UTF-8","vary":"X-Origin, Referer, Origin,Accept-Encoding","date":"Fri, 15 May 2020 03:41:20 GMT","server":"ESF","cache-control":"private","x-xss-protection":"0","x-frame-options":"SAMEORIGIN","x-content-type-options":"nosniff","server-timing":"gfet4t7; dur=161","alt-svc":"h3-27=\":443\"; ma=2592000,h3-25=\":443\"; ma=2592000,h3-T050=\":443\"; ma=2592000,h3-Q050=\":443\"; ma=2592000,h3-Q049=\":443\"; ma=2592000,h3-Q048=\":443\"; ma=2592000,h3-Q046=\":443\"; ma=2592000,h3-Q043=\":443\"; ma=2592000,quic=\":443\"; ma=2592000; v=\"46,43\"","accept-ranges":"none","transfer-encoding":"chunked"}
[debug] [2020-05-15T03:41:20.900Z] >>> HTTP REQUEST GET https://firebase.googleapis.com/v1beta1/projects/producer-app-13eef  
 
[debug] [2020-05-15T03:41:21.178Z] <<< HTTP RESPONSE 200 {"content-type":"application/json; charset=UTF-8","vary":"X-Origin, Referer, Origin,Accept-Encoding","date":"Fri, 15 May 2020 03:41:21 GMT","server":"ESF","cache-control":"private","x-xss-protection":"0","x-frame-options":"SAMEORIGIN","x-content-type-options":"nosniff","alt-svc":"h3-27=\":443\"; ma=2592000,h3-25=\":443\"; ma=2592000,h3-T050=\":443\"; ma=2592000,h3-Q050=\":443\"; ma=2592000,h3-Q049=\":443\"; ma=2592000,h3-Q048=\":443\"; ma=2592000,h3-Q046=\":443\"; ma=2592000,h3-Q043=\":443\"; ma=2592000,quic=\":443\"; ma=2592000; v=\"46,43\"","accept-ranges":"none","transfer-encoding":"chunked"}
[info] 
[info] === Serving from '/Users/mookie.me.you/Desktop/Builds/Bric_Sheets'...
[info] 
[debug] [2020-05-15T03:41:21.181Z] >>> HTTP REQUEST GET https://firebase.googleapis.com/v1beta1/projects/producer-app-13eef/webApps/-/config  
 
[debug] [2020-05-15T03:41:21.627Z] <<< HTTP RESPONSE 200 {"content-type":"application/json; charset=UTF-8","vary":"X-Origin, Referer, Origin,Accept-Encoding","date":"Fri, 15 May 2020 03:41:21 GMT","server":"ESF","cache-control":"private","x-xss-protection":"0","x-frame-options":"SAMEORIGIN","x-content-type-options":"nosniff","alt-svc":"h3-27=\":443\"; ma=2592000,h3-25=\":443\"; ma=2592000,h3-T050=\":443\"; ma=2592000,h3-Q050=\":443\"; ma=2592000,h3-Q049=\":443\"; ma=2592000,h3-Q048=\":443\"; ma=2592000,h3-Q046=\":443\"; ma=2592000,h3-Q043=\":443\"; ma=2592000,quic=\":443\"; ma=2592000; v=\"46,43\"","accept-ranges":"none","transfer-encoding":"chunked"}
[warn] ⚠  hosting: Port 5000 is not available. Trying another port...
[info] i  hosting: Serving hosting files from: dist
[info] ✔  hosting: Local server: http://localhost:5005
